CRITICAL - 2023-03-03 04:54:36 --> Invalid file: "calendar.php"
in SYSTEMPATH\Exceptions\FrameworkException.php on line 33.
 1 SYSTEMPATH\View\View.php(201): CodeIgniter\Exceptions\FrameworkException::forInvalidFile('calendar.php')
 2 APPPATH\Views\templates\adminlte\events.php(189): CodeIgniter\View\View->render('calendar')
 3 SYSTEMPATH\View\View.php(213): include('APPPATH\\Views\\templates\\adminlte\\events.php')
 4 SYSTEMPATH\View\View.php(216): CodeIgniter\View\View->CodeIgniter\View\{closure}()
 5 SYSTEMPATH\View\View.php(229): CodeIgniter\View\View->render('templates/adminlte/events', [], true)
 6 SYSTEMPATH\Common.php(1184): CodeIgniter\View\View->render('home/events', [], true)
 7 APPPATH\Controllers\Home.php(30): view('home/events', [...])
 8 SYSTEMPATH\CodeIgniter.php(934): App\Controllers\Home->events()
 9 SYSTEMPATH\CodeIgniter.php(499): CodeIgniter\CodeIgniter->runController(Object(App\Controllers\Home))
10 SYSTEMPATH\CodeIgniter.php(368): CodeIgniter\CodeIgniter->handleRequest(null, Object(Config\Cache), false)
11 FCPATH\index.php(67): CodeIgniter\CodeIgniter->run()
CRITICAL - 2023-03-03 05:27:44 --> Undefined variable $menu
in APPPATH\Views\templates\adminlte\admindash.php on line 83.
 1 APPPATH\Views\templates\adminlte\admindash.php(83): CodeIgniter\Debug\Exceptions->errorHandler(2, 'Undefined variable $menu', 'APPPATH\\Views\\templates\\adminlte\\admindash.php', 83)
 2 SYSTEMPATH\View\View.php(213): include('APPPATH\\Views\\templates\\adminlte\\admindash.php')
 3 SYSTEMPATH\View\View.php(216): CodeIgniter\View\View->CodeIgniter\View\{closure}()
 4 SYSTEMPATH\View\View.php(229): CodeIgniter\View\View->render('templates/adminlte/admindash', [], true)
 5 SYSTEMPATH\Common.php(1184): CodeIgniter\View\View->render('home/events', [], true)
 6 APPPATH\Controllers\Home.php(30): view('home/events', [...])
 7 SYSTEMPATH\CodeIgniter.php(934): App\Controllers\Home->events()
 8 SYSTEMPATH\CodeIgniter.php(499): CodeIgniter\CodeIgniter->runController(Object(App\Controllers\Home))
 9 SYSTEMPATH\CodeIgniter.php(368): CodeIgniter\CodeIgniter->handleRequest(null, Object(Config\Cache), false)
10 FCPATH\index.php(67): CodeIgniter\CodeIgniter->run()
ERROR - 2023-03-03 07:36:01 --> Error connecting to the database: mysqli_sql_exception: Access denied for user ''@'localhost' (using password: NO) in C:\xampp\htdocs\orgcalendar\system\Database\MySQLi\Connection.php:173
Stack trace:
#0 C:\xampp\htdocs\orgcalendar\system\Database\MySQLi\Connection.php(173): mysqli->real_connect('localhost', '', Object(SensitiveParameterValue), '', 3306, '', 0)
#1 C:\xampp\htdocs\orgcalendar\system\Database\BaseConnection.php(391): CodeIgniter\Database\MySQLi\Connection->connect(false)
#2 C:\xampp\htdocs\orgcalendar\system\Database\BaseConnection.php(573): CodeIgniter\Database\BaseConnection->initialize()
#3 C:\xampp\htdocs\orgcalendar\system\Database\BaseBuilder.php(2309): CodeIgniter\Database\BaseConnection->query('INSERT INTO `ev...', Array, false)
#4 C:\xampp\htdocs\orgcalendar\system\Model.php(330): CodeIgniter\Database\BaseBuilder->insert()
#5 C:\xampp\htdocs\orgcalendar\system\BaseModel.php(782): CodeIgniter\Model->doInsert(Array)
#6 C:\xampp\htdocs\orgcalendar\system\Model.php(730): CodeIgniter\BaseModel->insert(Array, true)
#7 C:\xampp\htdocs\orgcalendar\app\Controllers\Home.php(59): CodeIgniter\Model->insert(Array)
#8 C:\xampp\htdocs\orgcalendar\system\CodeIgniter.php(934): App\Controllers\Home->save_events()
#9 C:\xampp\htdocs\orgcalendar\system\CodeIgniter.php(499): CodeIgniter\CodeIgniter->runController(Object(App\Controllers\Home))
#10 C:\xampp\htdocs\orgcalendar\system\CodeIgniter.php(368): CodeIgniter\CodeIgniter->handleRequest(NULL, Object(Config\Cache), false)
#11 C:\xampp\htdocs\orgcalendar\index.php(67): CodeIgniter\CodeIgniter->run()
#12 {main}

Next CodeIgniter\Database\Exceptions\DatabaseException: Access denied for user ''@'localhost' (using password: NO) in C:\xampp\htdocs\orgcalendar\system\Database\MySQLi\Connection.php:218
Stack trace:
#0 C:\xampp\htdocs\orgcalendar\system\Database\BaseConnection.php(391): CodeIgniter\Database\MySQLi\Connection->connect(false)
#1 C:\xampp\htdocs\orgcalendar\system\Database\BaseConnection.php(573): CodeIgniter\Database\BaseConnection->initialize()
#2 C:\xampp\htdocs\orgcalendar\system\Database\BaseBuilder.php(2309): CodeIgniter\Database\BaseConnection->query('INSERT INTO `ev...', Array, false)
#3 C:\xampp\htdocs\orgcalendar\system\Model.php(330): CodeIgniter\Database\BaseBuilder->insert()
#4 C:\xampp\htdocs\orgcalendar\system\BaseModel.php(782): CodeIgniter\Model->doInsert(Array)
#5 C:\xampp\htdocs\orgcalendar\system\Model.php(730): CodeIgniter\BaseModel->insert(Array, true)
#6 C:\xampp\htdocs\orgcalendar\app\Controllers\Home.php(59): CodeIgniter\Model->insert(Array)
#7 C:\xampp\htdocs\orgcalendar\system\CodeIgniter.php(934): App\Controllers\Home->save_events()
#8 C:\xampp\htdocs\orgcalendar\system\CodeIgniter.php(499): CodeIgniter\CodeIgniter->runController(Object(App\Controllers\Home))
#9 C:\xampp\htdocs\orgcalendar\system\CodeIgniter.php(368): CodeIgniter\CodeIgniter->handleRequest(NULL, Object(Config\Cache), false)
#10 C:\xampp\htdocs\orgcalendar\index.php(67): CodeIgniter\CodeIgniter->run()
#11 {main}
CRITICAL - 2023-03-03 07:36:01 --> Unable to connect to the database.
Main connection [MySQLi]: Access denied for user ''@'localhost' (using password: NO)
in SYSTEMPATH\Database\BaseConnection.php on line 427.
 1 SYSTEMPATH\Database\BaseConnection.php(573): CodeIgniter\Database\BaseConnection->initialize()
 2 SYSTEMPATH\Database\BaseBuilder.php(2309): CodeIgniter\Database\BaseConnection->query('INSERT INTO `events` (`title`, `location`, `start`, `end`, `status`, `create_at`, `update_at`) VALUES (:title:, :location:, :start:, :end:, :status:, :create_at:, :update_at:)', [...], false)
 3 SYSTEMPATH\Model.php(330): CodeIgniter\Database\BaseBuilder->insert()
 4 SYSTEMPATH\BaseModel.php(782): CodeIgniter\Model->doInsert([...])
 5 SYSTEMPATH\Model.php(730): CodeIgniter\BaseModel->insert([...], true)
 6 APPPATH\Controllers\Home.php(59): CodeIgniter\Model->insert([...])
 7 SYSTEMPATH\CodeIgniter.php(934): App\Controllers\Home->save_events()
 8 SYSTEMPATH\CodeIgniter.php(499): CodeIgniter\CodeIgniter->runController(Object(App\Controllers\Home))
 9 SYSTEMPATH\CodeIgniter.php(368): CodeIgniter\CodeIgniter->handleRequest(null, Object(Config\Cache), false)
10 FCPATH\index.php(67): CodeIgniter\CodeIgniter->run()
CRITICAL - 2023-03-03 07:45:27 --> Invalid file: "home/manage_events.php"
in SYSTEMPATH\Exceptions\FrameworkException.php on line 33.
 1 SYSTEMPATH\View\View.php(201): CodeIgniter\Exceptions\FrameworkException::forInvalidFile('home/manage_events.php')
 2 SYSTEMPATH\Common.php(1184): CodeIgniter\View\View->render('home/manage_events', [], true)
 3 APPPATH\Controllers\Home.php(40): view('home/manage_events', [...])
 4 SYSTEMPATH\CodeIgniter.php(934): App\Controllers\Home->manage_events()
 5 SYSTEMPATH\CodeIgniter.php(499): CodeIgniter\CodeIgniter->runController(Object(App\Controllers\Home))
 6 SYSTEMPATH\CodeIgniter.php(368): CodeIgniter\CodeIgniter->handleRequest(null, Object(Config\Cache), false)
 7 FCPATH\index.php(67): CodeIgniter\CodeIgniter->run()
CRITICAL - 2023-03-03 21:57:30 --> Undefined array key "allday"
in APPPATH\Views\home\manage_events.php on line 173.
 1 APPPATH\Views\home\manage_events.php(173): CodeIgniter\Debug\Exceptions->errorHandler(2, 'Undefined array key "allday"', 'APPPATH\\Views\\home\\manage_events.php', 173)
 2 SYSTEMPATH\View\View.php(213): include('APPPATH\\Views\\home\\manage_events.php')
 3 SYSTEMPATH\View\View.php(216): CodeIgniter\View\View->CodeIgniter\View\{closure}()
 4 SYSTEMPATH\Common.php(1184): CodeIgniter\View\View->render('home/manage_events', [], true)
 5 APPPATH\Controllers\Home.php(45): view('home/manage_events', [...])
 6 SYSTEMPATH\CodeIgniter.php(934): App\Controllers\Home->manage_events()
 7 SYSTEMPATH\CodeIgniter.php(499): CodeIgniter\CodeIgniter->runController(Object(App\Controllers\Home))
 8 SYSTEMPATH\CodeIgniter.php(368): CodeIgniter\CodeIgniter->handleRequest(null, Object(Config\Cache), false)
 9 FCPATH\index.php(67): CodeIgniter\CodeIgniter->run()
CRITICAL - 2023-03-03 21:58:05 --> Undefined array key "allday"
in APPPATH\Views\home\manage_events.php on line 173.
 1 APPPATH\Views\home\manage_events.php(173): CodeIgniter\Debug\Exceptions->errorHandler(2, 'Undefined array key "allday"', 'APPPATH\\Views\\home\\manage_events.php', 173)
 2 SYSTEMPATH\View\View.php(213): include('APPPATH\\Views\\home\\manage_events.php')
 3 SYSTEMPATH\View\View.php(216): CodeIgniter\View\View->CodeIgniter\View\{closure}()
 4 SYSTEMPATH\Common.php(1184): CodeIgniter\View\View->render('home/manage_events', [], true)
 5 APPPATH\Controllers\Home.php(45): view('home/manage_events', [...])
 6 SYSTEMPATH\CodeIgniter.php(934): App\Controllers\Home->manage_events()
 7 SYSTEMPATH\CodeIgniter.php(499): CodeIgniter\CodeIgniter->runController(Object(App\Controllers\Home))
 8 SYSTEMPATH\CodeIgniter.php(368): CodeIgniter\CodeIgniter->handleRequest(null, Object(Config\Cache), false)
 9 FCPATH\index.php(67): CodeIgniter\CodeIgniter->run()
CRITICAL - 2023-03-03 21:58:23 --> Undefined array key "allday"
in APPPATH\Views\home\manage_events.php on line 173.
 1 APPPATH\Views\home\manage_events.php(173): CodeIgniter\Debug\Exceptions->errorHandler(2, 'Undefined array key "allday"', 'APPPATH\\Views\\home\\manage_events.php', 173)
 2 SYSTEMPATH\View\View.php(213): include('APPPATH\\Views\\home\\manage_events.php')
 3 SYSTEMPATH\View\View.php(216): CodeIgniter\View\View->CodeIgniter\View\{closure}()
 4 SYSTEMPATH\Common.php(1184): CodeIgniter\View\View->render('home/manage_events', [], true)
 5 APPPATH\Controllers\Home.php(45): view('home/manage_events', [...])
 6 SYSTEMPATH\CodeIgniter.php(934): App\Controllers\Home->manage_events()
 7 SYSTEMPATH\CodeIgniter.php(499): CodeIgniter\CodeIgniter->runController(Object(App\Controllers\Home))
 8 SYSTEMPATH\CodeIgniter.php(368): CodeIgniter\CodeIgniter->handleRequest(null, Object(Config\Cache), false)
 9 FCPATH\index.php(67): CodeIgniter\CodeIgniter->run()
CRITICAL - 2023-03-03 21:58:47 --> Undefined array key "allday"
in APPPATH\Views\home\manage_events.php on line 173.
 1 APPPATH\Views\home\manage_events.php(173): CodeIgniter\Debug\Exceptions->errorHandler(2, 'Undefined array key "allday"', 'APPPATH\\Views\\home\\manage_events.php', 173)
 2 SYSTEMPATH\View\View.php(213): include('APPPATH\\Views\\home\\manage_events.php')
 3 SYSTEMPATH\View\View.php(216): CodeIgniter\View\View->CodeIgniter\View\{closure}()
 4 SYSTEMPATH\Common.php(1184): CodeIgniter\View\View->render('home/manage_events', [], true)
 5 APPPATH\Controllers\Home.php(45): view('home/manage_events', [...])
 6 SYSTEMPATH\CodeIgniter.php(934): App\Controllers\Home->manage_events()
 7 SYSTEMPATH\CodeIgniter.php(499): CodeIgniter\CodeIgniter->runController(Object(App\Controllers\Home))
 8 SYSTEMPATH\CodeIgniter.php(368): CodeIgniter\CodeIgniter->handleRequest(null, Object(Config\Cache), false)
 9 FCPATH\index.php(67): CodeIgniter\CodeIgniter->run()
CRITICAL - 2023-03-03 22:38:09 --> Class "Codeigniter\I18n\Time" not found
in APPPATH\Helpers\info_helper.php on line 6.
 1 APPPATH\Views\home\manage_events.php(127): datetimeforms('2023-03-05 10:00:00')
 2 SYSTEMPATH\View\View.php(213): include('APPPATH\\Views\\home\\manage_events.php')
 3 SYSTEMPATH\View\View.php(216): CodeIgniter\View\View->CodeIgniter\View\{closure}()
 4 SYSTEMPATH\Common.php(1184): CodeIgniter\View\View->render('home/manage_events', [], true)
 5 APPPATH\Controllers\Home.php(45): view('home/manage_events', [...])
 6 SYSTEMPATH\CodeIgniter.php(934): App\Controllers\Home->manage_events()
 7 SYSTEMPATH\CodeIgniter.php(499): CodeIgniter\CodeIgniter->runController(Object(App\Controllers\Home))
 8 SYSTEMPATH\CodeIgniter.php(368): CodeIgniter\CodeIgniter->handleRequest(null, Object(Config\Cache), false)
 9 FCPATH\index.php(67): CodeIgniter\CodeIgniter->run()
CRITICAL - 2023-03-03 22:50:38 --> Undefined variable $row
in APPPATH\Views\home\manage_events.php on line 77.
 1 APPPATH\Views\home\manage_events.php(77): CodeIgniter\Debug\Exceptions->errorHandler(2, 'Undefined variable $row', 'APPPATH\\Views\\home\\manage_events.php', 77)
 2 SYSTEMPATH\View\View.php(213): include('APPPATH\\Views\\home\\manage_events.php')
 3 SYSTEMPATH\View\View.php(216): CodeIgniter\View\View->CodeIgniter\View\{closure}()
 4 SYSTEMPATH\Common.php(1184): CodeIgniter\View\View->render('home/manage_events', [], true)
 5 APPPATH\Controllers\Home.php(45): view('home/manage_events', [...])
 6 SYSTEMPATH\CodeIgniter.php(934): App\Controllers\Home->manage_events()
 7 SYSTEMPATH\CodeIgniter.php(499): CodeIgniter\CodeIgniter->runController(Object(App\Controllers\Home))
 8 SYSTEMPATH\CodeIgniter.php(368): CodeIgniter\CodeIgniter->handleRequest(null, Object(Config\Cache), false)
 9 FCPATH\index.php(67): CodeIgniter\CodeIgniter->run()
CRITICAL - 2023-03-03 22:50:51 --> Undefined variable $row
in APPPATH\Views\home\manage_events.php on line 77.
 1 APPPATH\Views\home\manage_events.php(77): CodeIgniter\Debug\Exceptions->errorHandler(2, 'Undefined variable $row', 'APPPATH\\Views\\home\\manage_events.php', 77)
 2 SYSTEMPATH\View\View.php(213): include('APPPATH\\Views\\home\\manage_events.php')
 3 SYSTEMPATH\View\View.php(216): CodeIgniter\View\View->CodeIgniter\View\{closure}()
 4 SYSTEMPATH\Common.php(1184): CodeIgniter\View\View->render('home/manage_events', [], true)
 5 APPPATH\Controllers\Home.php(45): view('home/manage_events', [...])
 6 SYSTEMPATH\CodeIgniter.php(934): App\Controllers\Home->manage_events()
 7 SYSTEMPATH\CodeIgniter.php(499): CodeIgniter\CodeIgniter->runController(Object(App\Controllers\Home))
 8 SYSTEMPATH\CodeIgniter.php(368): CodeIgniter\CodeIgniter->handleRequest(null, Object(Config\Cache), false)
 9 FCPATH\index.php(67): CodeIgniter\CodeIgniter->run()
CRITICAL - 2023-03-03 23:07:45 --> Undefined variable $events
in APPPATH\Views\home\homepage.php on line 24.
 1 APPPATH\Views\home\homepage.php(24): CodeIgniter\Debug\Exceptions->errorHandler(2, 'Undefined variable $events', 'APPPATH\\Views\\home\\homepage.php', 24)
 2 SYSTEMPATH\View\View.php(213): include('APPPATH\\Views\\home\\homepage.php')
 3 SYSTEMPATH\View\View.php(216): CodeIgniter\View\View->CodeIgniter\View\{closure}()
 4 SYSTEMPATH\Common.php(1184): CodeIgniter\View\View->render('home/homepage', [], true)
 5 APPPATH\Controllers\Home.php(28): view('home/homepage', [...])
 6 SYSTEMPATH\CodeIgniter.php(934): App\Controllers\Home->index()
 7 SYSTEMPATH\CodeIgniter.php(499): CodeIgniter\CodeIgniter->runController(Object(App\Controllers\Home))
 8 SYSTEMPATH\CodeIgniter.php(368): CodeIgniter\CodeIgniter->handleRequest(null, Object(Config\Cache), false)
 9 FCPATH\index.php(67): CodeIgniter\CodeIgniter->run()
CRITICAL - 2023-03-03 23:10:03 --> printf(): Argument #1 ($format) must be of type string, array given
in APPPATH\Views\home\homepage.php on line 5.
 1 APPPATH\Views\home\homepage.php(5): printf([...])
 2 SYSTEMPATH\View\View.php(213): include('APPPATH\\Views\\home\\homepage.php')
 3 SYSTEMPATH\View\View.php(216): CodeIgniter\View\View->CodeIgniter\View\{closure}()
 4 SYSTEMPATH\Common.php(1184): CodeIgniter\View\View->render('home/homepage', [], true)
 5 APPPATH\Controllers\Home.php(29): view('home/homepage', [...])
 6 SYSTEMPATH\CodeIgniter.php(934): App\Controllers\Home->index()
 7 SYSTEMPATH\CodeIgniter.php(499): CodeIgniter\CodeIgniter->runController(Object(App\Controllers\Home))
 8 SYSTEMPATH\CodeIgniter.php(368): CodeIgniter\CodeIgniter->handleRequest(null, Object(Config\Cache), false)
 9 FCPATH\index.php(67): CodeIgniter\CodeIgniter->run()
CRITICAL - 2023-03-03 23:16:42 --> Undefined variable $events
in APPPATH\Controllers\Home.php on line 30.
 1 APPPATH\Controllers\Home.php(30): CodeIgniter\Debug\Exceptions->errorHandler(2, 'Undefined variable $events', 'APPPATH\\Controllers\\Home.php', 30)
 2 SYSTEMPATH\CodeIgniter.php(934): App\Controllers\Home->index()
 3 SYSTEMPATH\CodeIgniter.php(499): CodeIgniter\CodeIgniter->runController(Object(App\Controllers\Home))
 4 SYSTEMPATH\CodeIgniter.php(368): CodeIgniter\CodeIgniter->handleRequest(null, Object(Config\Cache), false)
 5 FCPATH\index.php(67): CodeIgniter\CodeIgniter->run()
CRITICAL - 2023-03-03 23:17:11 --> foreach() argument must be of type array|object, string given
in APPPATH\Views\home\homepage.php on line 26.
 1 APPPATH\Views\home\homepage.php(26): CodeIgniter\Debug\Exceptions->errorHandler(2, 'foreach() argument must be of type array|object, string given', 'APPPATH\\Views\\home\\homepage.php', 26)
 2 SYSTEMPATH\View\View.php(213): include('APPPATH\\Views\\home\\homepage.php')
 3 SYSTEMPATH\View\View.php(216): CodeIgniter\View\View->CodeIgniter\View\{closure}()
 4 SYSTEMPATH\Common.php(1184): CodeIgniter\View\View->render('home/homepage', [], true)
 5 APPPATH\Controllers\Home.php(39): view('home/homepage', [...])
 6 SYSTEMPATH\CodeIgniter.php(934): App\Controllers\Home->index()
 7 SYSTEMPATH\CodeIgniter.php(499): CodeIgniter\CodeIgniter->runController(Object(App\Controllers\Home))
 8 SYSTEMPATH\CodeIgniter.php(368): CodeIgniter\CodeIgniter->handleRequest(null, Object(Config\Cache), false)
 9 FCPATH\index.php(67): CodeIgniter\CodeIgniter->run()
CRITICAL - 2023-03-03 23:18:41 --> Unsupported operand types: string * int
in APPPATH\Controllers\Home.php on line 32.
 1 SYSTEMPATH\CodeIgniter.php(934): App\Controllers\Home->index()
 2 SYSTEMPATH\CodeIgniter.php(499): CodeIgniter\CodeIgniter->runController(Object(App\Controllers\Home))
 3 SYSTEMPATH\CodeIgniter.php(368): CodeIgniter\CodeIgniter->handleRequest(null, Object(Config\Cache), false)
 4 FCPATH\index.php(67): CodeIgniter\CodeIgniter->run()
CRITICAL - 2023-03-03 23:20:45 --> Unsupported operand types: string * int
in APPPATH\Controllers\Home.php on line 32.
 1 SYSTEMPATH\CodeIgniter.php(934): App\Controllers\Home->index()
 2 SYSTEMPATH\CodeIgniter.php(499): CodeIgniter\CodeIgniter->runController(Object(App\Controllers\Home))
 3 SYSTEMPATH\CodeIgniter.php(368): CodeIgniter\CodeIgniter->handleRequest(null, Object(Config\Cache), false)
 4 FCPATH\index.php(67): CodeIgniter\CodeIgniter->run()
CRITICAL - 2023-03-03 23:23:10 --> Attempt to read property "title" on string
in APPPATH\Views\home\homepage.php on line 28.
 1 APPPATH\Views\home\homepage.php(28): CodeIgniter\Debug\Exceptions->errorHandler(2, 'Attempt to read property "title" on string', 'APPPATH\\Views\\home\\homepage.php', 28)
 2 SYSTEMPATH\View\View.php(213): include('APPPATH\\Views\\home\\homepage.php')
 3 SYSTEMPATH\View\View.php(216): CodeIgniter\View\View->CodeIgniter\View\{closure}()
 4 SYSTEMPATH\Common.php(1184): CodeIgniter\View\View->render('home/homepage', [], true)
 5 APPPATH\Controllers\Home.php(40): view('home/homepage', [...])
 6 SYSTEMPATH\CodeIgniter.php(934): App\Controllers\Home->index()
 7 SYSTEMPATH\CodeIgniter.php(499): CodeIgniter\CodeIgniter->runController(Object(App\Controllers\Home))
 8 SYSTEMPATH\CodeIgniter.php(368): CodeIgniter\CodeIgniter->handleRequest(null, Object(Config\Cache), false)
 9 FCPATH\index.php(67): CodeIgniter\CodeIgniter->run()
CRITICAL - 2023-03-03 23:23:42 --> Attempt to read property "title" on string
in APPPATH\Views\home\homepage.php on line 9.
 1 APPPATH\Views\home\homepage.php(9): CodeIgniter\Debug\Exceptions->errorHandler(2, 'Attempt to read property "title" on string', 'APPPATH\\Views\\home\\homepage.php', 9)
 2 SYSTEMPATH\View\View.php(213): include('APPPATH\\Views\\home\\homepage.php')
 3 SYSTEMPATH\View\View.php(216): CodeIgniter\View\View->CodeIgniter\View\{closure}()
 4 SYSTEMPATH\Common.php(1184): CodeIgniter\View\View->render('home/homepage', [], true)
 5 APPPATH\Controllers\Home.php(40): view('home/homepage', [...])
 6 SYSTEMPATH\CodeIgniter.php(934): App\Controllers\Home->index()
 7 SYSTEMPATH\CodeIgniter.php(499): CodeIgniter\CodeIgniter->runController(Object(App\Controllers\Home))
 8 SYSTEMPATH\CodeIgniter.php(368): CodeIgniter\CodeIgniter->handleRequest(null, Object(Config\Cache), false)
 9 FCPATH\index.php(67): CodeIgniter\CodeIgniter->run()
CRITICAL - 2023-03-03 23:24:12 --> Cannot access offset of type string on string
in APPPATH\Views\home\homepage.php on line 9.
 1 SYSTEMPATH\View\View.php(213): include()
 2 SYSTEMPATH\View\View.php(216): CodeIgniter\View\View->CodeIgniter\View\{closure}()
 3 SYSTEMPATH\Common.php(1184): CodeIgniter\View\View->render('home/homepage', [], true)
 4 APPPATH\Controllers\Home.php(40): view('home/homepage', [...])
 5 SYSTEMPATH\CodeIgniter.php(934): App\Controllers\Home->index()
 6 SYSTEMPATH\CodeIgniter.php(499): CodeIgniter\CodeIgniter->runController(Object(App\Controllers\Home))
 7 SYSTEMPATH\CodeIgniter.php(368): CodeIgniter\CodeIgniter->handleRequest(null, Object(Config\Cache), false)
 8 FCPATH\index.php(67): CodeIgniter\CodeIgniter->run()
CRITICAL - 2023-03-03 23:24:28 --> Cannot access offset of type string on string
in APPPATH\Views\home\homepage.php on line 9.
 1 SYSTEMPATH\View\View.php(213): include()
 2 SYSTEMPATH\View\View.php(216): CodeIgniter\View\View->CodeIgniter\View\{closure}()
 3 SYSTEMPATH\Common.php(1184): CodeIgniter\View\View->render('home/homepage', [], true)
 4 APPPATH\Controllers\Home.php(40): view('home/homepage', [...])
 5 SYSTEMPATH\CodeIgniter.php(934): App\Controllers\Home->index()
 6 SYSTEMPATH\CodeIgniter.php(499): CodeIgniter\CodeIgniter->runController(Object(App\Controllers\Home))
 7 SYSTEMPATH\CodeIgniter.php(368): CodeIgniter\CodeIgniter->handleRequest(null, Object(Config\Cache), false)
 8 FCPATH\index.php(67): CodeIgniter\CodeIgniter->run()
CRITICAL - 2023-03-03 23:24:40 --> Cannot access offset of type string on string
in APPPATH\Views\home\homepage.php on line 9.
 1 SYSTEMPATH\View\View.php(213): include()
 2 SYSTEMPATH\View\View.php(216): CodeIgniter\View\View->CodeIgniter\View\{closure}()
 3 SYSTEMPATH\Common.php(1184): CodeIgniter\View\View->render('home/homepage', [], true)
 4 APPPATH\Controllers\Home.php(40): view('home/homepage', [...])
 5 SYSTEMPATH\CodeIgniter.php(934): App\Controllers\Home->index()
 6 SYSTEMPATH\CodeIgniter.php(499): CodeIgniter\CodeIgniter->runController(Object(App\Controllers\Home))
 7 SYSTEMPATH\CodeIgniter.php(368): CodeIgniter\CodeIgniter->handleRequest(null, Object(Config\Cache), false)
 8 FCPATH\index.php(67): CodeIgniter\CodeIgniter->run()
