INFO - 2023-09-03 23:13:25 --> Session: Class initialized using 'CodeIgniter\Session\Handlers\FileHandler' driver.
INFO - 2023-09-03 23:14:40 --> Session: Class initialized using 'CodeIgniter\Session\Handlers\FileHandler' driver.
INFO - 2023-09-03 23:14:48 --> Session: Class initialized using 'CodeIgniter\Session\Handlers\FileHandler' driver.
INFO - 2023-09-03 23:14:48 --> Session: Class initialized using 'CodeIgniter\Session\Handlers\FileHandler' driver.
INFO - 2023-09-03 23:14:55 --> Session: Class initialized using 'CodeIgniter\Session\Handlers\FileHandler' driver.
WARNING - 2023-09-03 23:14:56 --> [DEPRECATED] number_format(): Passing null to parameter #1 ($num) of type float is deprecated in APPPATH\Views\projects\projects_list.php on line 48.
 1 APPPATH\Views\projects\projects_list.php(48): number_format(null, 2)
 2 SYSTEMPATH\View\View.php(213): include('APPPATH\\Views\\projects\\projects_list.php')
 3 SYSTEMPATH\View\View.php(216): CodeIgniter\View\View->CodeIgniter\View\{closure}()
 4 SYSTEMPATH\Common.php(1184): CodeIgniter\View\View->render('projects/projects_list', [], true)
 5 APPPATH\Controllers\Projects.php(79): view('projects/projects_list', [...])
 6 SYSTEMPATH\CodeIgniter.php(934): App\Controllers\Projects->index()
 7 SYSTEMPATH\CodeIgniter.php(499): CodeIgniter\CodeIgniter->runController(Object(App\Controllers\Projects))
 8 SYSTEMPATH\CodeIgniter.php(368): CodeIgniter\CodeIgniter->handleRequest(null, Object(Config\Cache), false)
 9 FCPATH\index.php(67): CodeIgniter\CodeIgniter->run()
WARNING - 2023-09-03 23:14:56 --> [DEPRECATED] number_format(): Passing null to parameter #1 ($num) of type float is deprecated in APPPATH\Views\projects\projects_list.php on line 48.
 1 APPPATH\Views\projects\projects_list.php(48): number_format(null, 2)
 2 SYSTEMPATH\View\View.php(213): include('APPPATH\\Views\\projects\\projects_list.php')
 3 SYSTEMPATH\View\View.php(216): CodeIgniter\View\View->CodeIgniter\View\{closure}()
 4 SYSTEMPATH\Common.php(1184): CodeIgniter\View\View->render('projects/projects_list', [], true)
 5 APPPATH\Controllers\Projects.php(79): view('projects/projects_list', [...])
 6 SYSTEMPATH\CodeIgniter.php(934): App\Controllers\Projects->index()
 7 SYSTEMPATH\CodeIgniter.php(499): CodeIgniter\CodeIgniter->runController(Object(App\Controllers\Projects))
 8 SYSTEMPATH\CodeIgniter.php(368): CodeIgniter\CodeIgniter->handleRequest(null, Object(Config\Cache), false)
 9 FCPATH\index.php(67): CodeIgniter\CodeIgniter->run()
WARNING - 2023-09-03 23:14:56 --> [DEPRECATED] number_format(): Passing null to parameter #1 ($num) of type float is deprecated in APPPATH\Views\projects\projects_list.php on line 48.
 1 APPPATH\Views\projects\projects_list.php(48): number_format(null, 2)
 2 SYSTEMPATH\View\View.php(213): include('APPPATH\\Views\\projects\\projects_list.php')
 3 SYSTEMPATH\View\View.php(216): CodeIgniter\View\View->CodeIgniter\View\{closure}()
 4 SYSTEMPATH\Common.php(1184): CodeIgniter\View\View->render('projects/projects_list', [], true)
 5 APPPATH\Controllers\Projects.php(79): view('projects/projects_list', [...])
 6 SYSTEMPATH\CodeIgniter.php(934): App\Controllers\Projects->index()
 7 SYSTEMPATH\CodeIgniter.php(499): CodeIgniter\CodeIgniter->runController(Object(App\Controllers\Projects))
 8 SYSTEMPATH\CodeIgniter.php(368): CodeIgniter\CodeIgniter->handleRequest(null, Object(Config\Cache), false)
 9 FCPATH\index.php(67): CodeIgniter\CodeIgniter->run()
WARNING - 2023-09-03 23:14:56 --> [DEPRECATED] number_format(): Passing null to parameter #1 ($num) of type float is deprecated in APPPATH\Views\projects\projects_list.php on line 99.
 1 APPPATH\Views\projects\projects_list.php(99): number_format(null, 2)
 2 SYSTEMPATH\View\View.php(213): include('APPPATH\\Views\\projects\\projects_list.php')
 3 SYSTEMPATH\View\View.php(216): CodeIgniter\View\View->CodeIgniter\View\{closure}()
 4 SYSTEMPATH\Common.php(1184): CodeIgniter\View\View->render('projects/projects_list', [], true)
 5 APPPATH\Controllers\Projects.php(79): view('projects/projects_list', [...])
 6 SYSTEMPATH\CodeIgniter.php(934): App\Controllers\Projects->index()
 7 SYSTEMPATH\CodeIgniter.php(499): CodeIgniter\CodeIgniter->runController(Object(App\Controllers\Projects))
 8 SYSTEMPATH\CodeIgniter.php(368): CodeIgniter\CodeIgniter->handleRequest(null, Object(Config\Cache), false)
 9 FCPATH\index.php(67): CodeIgniter\CodeIgniter->run()
WARNING - 2023-09-03 23:14:56 --> [DEPRECATED] number_format(): Passing null to parameter #1 ($num) of type float is deprecated in APPPATH\Views\projects\projects_list.php on line 99.
 1 APPPATH\Views\projects\projects_list.php(99): number_format(null, 2)
 2 SYSTEMPATH\View\View.php(213): include('APPPATH\\Views\\projects\\projects_list.php')
 3 SYSTEMPATH\View\View.php(216): CodeIgniter\View\View->CodeIgniter\View\{closure}()
 4 SYSTEMPATH\Common.php(1184): CodeIgniter\View\View->render('projects/projects_list', [], true)
 5 APPPATH\Controllers\Projects.php(79): view('projects/projects_list', [...])
 6 SYSTEMPATH\CodeIgniter.php(934): App\Controllers\Projects->index()
 7 SYSTEMPATH\CodeIgniter.php(499): CodeIgniter\CodeIgniter->runController(Object(App\Controllers\Projects))
 8 SYSTEMPATH\CodeIgniter.php(368): CodeIgniter\CodeIgniter->handleRequest(null, Object(Config\Cache), false)
 9 FCPATH\index.php(67): CodeIgniter\CodeIgniter->run()
WARNING - 2023-09-03 23:14:56 --> [DEPRECATED] number_format(): Passing null to parameter #1 ($num) of type float is deprecated in APPPATH\Views\projects\projects_list.php on line 99.
 1 APPPATH\Views\projects\projects_list.php(99): number_format(null, 2)
 2 SYSTEMPATH\View\View.php(213): include('APPPATH\\Views\\projects\\projects_list.php')
 3 SYSTEMPATH\View\View.php(216): CodeIgniter\View\View->CodeIgniter\View\{closure}()
 4 SYSTEMPATH\Common.php(1184): CodeIgniter\View\View->render('projects/projects_list', [], true)
 5 APPPATH\Controllers\Projects.php(79): view('projects/projects_list', [...])
 6 SYSTEMPATH\CodeIgniter.php(934): App\Controllers\Projects->index()
 7 SYSTEMPATH\CodeIgniter.php(499): CodeIgniter\CodeIgniter->runController(Object(App\Controllers\Projects))
 8 SYSTEMPATH\CodeIgniter.php(368): CodeIgniter\CodeIgniter->handleRequest(null, Object(Config\Cache), false)
 9 FCPATH\index.php(67): CodeIgniter\CodeIgniter->run()
INFO - 2023-09-03 23:15:02 --> Session: Class initialized using 'CodeIgniter\Session\Handlers\FileHandler' driver.
INFO - 2023-09-03 23:17:46 --> Session: Class initialized using 'CodeIgniter\Session\Handlers\FileHandler' driver.
